<?xml version="1.0" encoding="UTF-8"?>
<testng-results skipped="0" failed="0" ignored="0" total="2" passed="2">
  <reporter-output>
  </reporter-output>
  <suite name="Default suite" duration-ms="62" started-at="2019-11-26T18:44:21 BDT" finished-at="2019-11-26T18:44:21 BDT">
    <groups>
    </groups>
    <test name="Default test" duration-ms="62" started-at="2019-11-26T18:44:21 BDT" finished-at="2019-11-26T18:44:21 BDT">
      <class name="cloudstore.Assertion">
        <test-method status="PASS" signature="f()[pri:0, instance:cloudstore.Assertion@66480dd7]" name="f" duration-ms="12" started-at="2019-11-26T18:44:21 BDT" finished-at="2019-11-26T18:44:21 BDT">
          <reporter-output>
          </reporter-output>
        </test-method> <!-- f -->
        <test-method status="PASS" signature="g()[pri:0, instance:cloudstore.Assertion@66480dd7]" name="g" duration-ms="8" started-at="2019-11-26T18:44:21 BDT" finished-at="2019-11-26T18:44:21 BDT">
          <reporter-output>
          </reporter-output>
        </test-method> <!-- g -->
      </class> <!-- cloudstore.Assertion -->
    </test> <!-- Default test -->
  </suite> <!-- Default suite -->
</testng-results>
